15:31:36 INFO  application.ApplicationManager - Start browser CHROME
15:31:38 INFO  application.ApplicationManager - Navigate to https://ilcarro.xyz/search
15:31:38 INFO  TestBase - =================================
15:31:38 INFO  TestBase - Start on method - registrationTestCSV
15:31:40 INFO  TestBase - Test passed
15:31:43 INFO  TestBase - End off method - registrationTestCSV
15:31:43 INFO  TestBase - =================================
15:31:43 INFO  TestBase - Start on method - registrationTestCSV
15:31:46 INFO  TestBase - Test passed
15:31:48 INFO  TestBase - End off method - registrationTestCSV
15:31:48 INFO  TestBase - =================================
15:31:48 INFO  TestBase - Start on method - registrationTestCSV
15:31:51 INFO  TestBase - Test passed
15:31:53 INFO  TestBase - End off method - registrationTestCSV
15:31:53 INFO  TestBase - =================================
15:31:53 INFO  TestBase - Start on method - registrationTestPositive
15:31:54 INFO  TestBase - Registration with -> Name: Serg, Lastname: Aser, Email: skelon3071@bk.ru, Password: Qwerty$4
15:31:54 INFO  TestBase - Test passed
15:32:01 INFO  TestBase - End off method - registrationTestPositive
15:32:01 INFO  TestBase - =================================
15:32:01 INFO  TestBase - Start on method - registrationTestWithoutCSV
15:32:01 INFO  TestBase - Registration with --> Name: Sergey, Lastname: Jamayka
15:32:03 INFO  TestBase - Test passed
15:32:05 INFO  TestBase - End off method - registrationTestWithoutCSV
15:32:05 INFO  TestBase - =================================
15:32:05 INFO  TestBase - Start on method - registrationTestWithoutCSV
15:32:06 INFO  TestBase - Registration with --> Name: Sergey, Lastname: Jamayka
15:32:08 INFO  TestBase - Test passed
15:32:10 INFO  TestBase - End off method - registrationTestWithoutCSV
15:32:10 INFO  TestBase - =================================
15:32:10 INFO  TestBase - Start on method - registrationTestWithoutCSV
15:32:11 INFO  TestBase - Registration with --> Name: Sergey, Lastname: Jamayka
15:32:13 INFO  TestBase - Test passed
15:32:16 INFO  TestBase - End off method - registrationTestWithoutCSV
